[2022-03-10 00:35:06,109] INFO Reading configuration from: /usr/local/kafka/config/zookeeper.properties (org.apache.zookeeper.server.quorum.QuorumPeerConfig)
[2022-03-10 00:35:06,121] INFO clientPortAddress is 0.0.0.0:2181 (org.apache.zookeeper.server.quorum.QuorumPeerConfig)
[2022-03-10 00:35:06,121] INFO secureClientPort is not set (org.apache.zookeeper.server.quorum.QuorumPeerConfig)
[2022-03-10 00:35:06,125] INFO autopurge.snapRetainCount set to 3 (org.apache.zookeeper.server.DatadirCleanupManager)
[2022-03-10 00:35:06,125] INFO autopurge.purgeInterval set to 0 (org.apache.zookeeper.server.DatadirCleanupManager)
[2022-03-10 00:35:06,125] INFO Purge task is not scheduled. (org.apache.zookeeper.server.DatadirCleanupManager)
[2022-03-10 00:35:06,125] WARN Either no config or no quorum defined in config, running  in standalone mode (org.apache.zookeeper.server.quorum.QuorumPeerMain)
[2022-03-10 00:35:06,128] INFO Log4j found with jmx enabled. (org.apache.zookeeper.jmx.ManagedUtil)
[2022-03-10 00:35:06,160] INFO Reading configuration from: /usr/local/kafka/config/zookeeper.properties (org.apache.zookeeper.server.quorum.QuorumPeerConfig)
[2022-03-10 00:35:06,161] INFO clientPortAddress is 0.0.0.0:2181 (org.apache.zookeeper.server.quorum.QuorumPeerConfig)
[2022-03-10 00:35:06,161] INFO secureClientPort is not set (org.apache.zookeeper.server.quorum.QuorumPeerConfig)
[2022-03-10 00:35:06,161] INFO Starting server (org.apache.zookeeper.server.ZooKeeperServerMain)
[2022-03-10 00:35:06,164] INFO zookeeper.snapshot.trust.empty : false (org.apache.zookeeper.server.persistence.FileTxnSnapLog)
[2022-03-10 00:35:06,177] INFO Server environment:zookeeper.version=3.5.7-f0fdd52973d373ffd9c86b81d99842dc2c7f660e, built on 02/10/2020 11:30 GMT (org.apache.zookeeper.server.ZooKeeperServer)
[2022-03-10 00:35:06,177] INFO Server environment:host.name=labs--317592847 (org.apache.zookeeper.server.ZooKeeperServer)
[2022-03-10 00:35:06,177] INFO Server environment:java.version=15.0.2 (org.apache.zookeeper.server.ZooKeeperServer)
[2022-03-10 00:35:06,177] INFO Server environment:java.vendor=AdoptOpenJDK (org.apache.zookeeper.server.ZooKeeperServer)
[2022-03-10 00:35:06,177] INFO Server environment:java.home=/opt/java/openjdk (org.apache.zookeeper.server.ZooKeeperServer)
[2022-03-10 00:35:06,177] INFO Server environment:java.class.path=/usr/local/kafka/bin/../libs/activation-1.1.1.jar:/usr/local/kafka/bin/../libs/aopalliance-repackaged-2.5.0.jar:/usr/local/kafka/bin/../libs/argparse4j-0.7.0.jar:/usr/local/kafka/bin/../libs/audience-annotations-0.5.0.jar:/usr/local/kafka/bin/../libs/commons-cli-1.4.jar:/usr/local/kafka/bin/../libs/commons-lang3-3.8.1.jar:/usr/local/kafka/bin/../libs/connect-api-2.5.0.jar:/usr/local/kafka/bin/../libs/connect-basic-auth-extension-2.5.0.jar:/usr/local/kafka/bin/../libs/connect-file-2.5.0.jar:/usr/local/kafka/bin/../libs/connect-json-2.5.0.jar:/usr/local/kafka/bin/../libs/connect-mirror-2.5.0.jar:/usr/local/kafka/bin/../libs/connect-mirror-client-2.5.0.jar:/usr/local/kafka/bin/../libs/connect-runtime-2.5.0.jar:/usr/local/kafka/bin/../libs/connect-transforms-2.5.0.jar:/usr/local/kafka/bin/../libs/hk2-api-2.5.0.jar:/usr/local/kafka/bin/../libs/hk2-locator-2.5.0.jar:/usr/local/kafka/bin/../libs/hk2-utils-2.5.0.jar:/usr/local/kafka/bin/../libs/jackson-annotations-2.10.2.jar:/usr/local/kafka/bin/../libs/jackson-core-2.10.2.jar:/usr/local/kafka/bin/../libs/jackson-databind-2.10.2.jar:/usr/local/kafka/bin/../libs/jackson-dataformat-csv-2.10.2.jar:/usr/local/kafka/bin/../libs/jackson-datatype-jdk8-2.10.2.jar:/usr/local/kafka/bin/../libs/jackson-jaxrs-base-2.10.2.jar:/usr/local/kafka/bin/../libs/jackson-jaxrs-json-provider-2.10.2.jar:/usr/local/kafka/bin/../libs/jackson-module-jaxb-annotations-2.10.2.jar:/usr/local/kafka/bin/../libs/jackson-module-paranamer-2.10.2.jar:/usr/local/kafka/bin/../libs/jackson-module-scala_2.12-2.10.2.jar:/usr/local/kafka/bin/../libs/jakarta.activation-api-1.2.1.jar:/usr/local/kafka/bin/../libs/jakarta.annotation-api-1.3.4.jar:/usr/local/kafka/bin/../libs/jakarta.inject-2.5.0.jar:/usr/local/kafka/bin/../libs/jakarta.ws.rs-api-2.1.5.jar:/usr/local/kafka/bin/../libs/jakarta.xml.bind-api-2.3.2.jar:/usr/local/kafka/bin/../libs/javassist-3.22.0-CR2.jar:/usr/local/kafka/bin/../libs/javassist-3.26.0-GA.jar:/usr/local/kafka/bin/../libs/javax.servlet-api-3.1.0.jar:/usr/local/kafka/bin/../libs/javax.ws.rs-api-2.1.1.jar:/usr/local/kafka/bin/../libs/jaxb-api-2.3.0.jar:/usr/local/kafka/bin/../libs/jersey-client-2.28.jar:/usr/local/kafka/bin/../libs/jersey-common-2.28.jar:/usr/local/kafka/bin/../libs/jersey-container-servlet-2.28.jar:/usr/local/kafka/bin/../libs/jersey-container-servlet-core-2.28.jar:/usr/local/kafka/bin/../libs/jersey-hk2-2.28.jar:/usr/local/kafka/bin/../libs/jersey-media-jaxb-2.28.jar:/usr/local/kafka/bin/../libs/jersey-server-2.28.jar:/usr/local/kafka/bin/../libs/jetty-client-9.4.24.v20191120.jar:/usr/local/kafka/bin/../libs/jetty-continuation-9.4.24.v20191120.jar:/usr/local/kafka/bin/../libs/jetty-http-9.4.24.v20191120.jar:/usr/local/kafka/bin/../libs/jetty-io-9.4.24.v20191120.jar:/usr/local/kafka/bin/../libs/jetty-security-9.4.24.v20191120.jar:/usr/local/kafka/bin/../libs/jetty-server-9.4.24.v20191120.jar:/usr/local/kafka/bin/../libs/jetty-servlet-9.4.24.v20191120.jar:/usr/local/kafka/bin/../libs/jetty-servlets-9.4.24.v20191120.jar:/usr/local/kafka/bin/../libs/jetty-util-9.4.24.v20191120.jar:/usr/local/kafka/bin/../libs/jopt-simple-5.0.4.jar:/usr/local/kafka/bin/../libs/kafka-clients-2.5.0.jar:/usr/local/kafka/bin/../libs/kafka-log4j-appender-2.5.0.jar:/usr/local/kafka/bin/../libs/kafka-streams-2.5.0.jar:/usr/local/kafka/bin/../libs/kafka-streams-examples-2.5.0.jar:/usr/local/kafka/bin/../libs/kafka-streams-scala_2.12-2.5.0.jar:/usr/local/kafka/bin/../libs/kafka-streams-test-utils-2.5.0.jar:/usr/local/kafka/bin/../libs/kafka-tools-2.5.0.jar:/usr/local/kafka/bin/../libs/kafka_2.12-2.5.0-sources.jar:/usr/local/kafka/bin/../libs/kafka_2.12-2.5.0.jar:/usr/local/kafka/bin/../libs/log4j-1.2.17.jar:/usr/local/kafka/bin/../libs/lz4-java-1.7.1.jar:/usr/local/kafka/bin/../libs/maven-artifact-3.6.3.jar:/usr/local/kafka/bin/../libs/metrics-core-2.2.0.jar:/usr/local/kafka/bin/../libs/netty-buffer-4.1.45.Final.jar:/usr/local/kafka/bin/../libs/netty-codec-4.1.45.Final.jar:/usr/local/kafka/bin/../libs/netty-common-4.1.45.Final.jar:/usr/local/kafka/bin/../libs/netty-handler-4.1.45.Final.jar:/usr/local/kafka/bin/../libs/netty-resolver-4.1.45.Final.jar:/usr/local/kafka/bin/../libs/netty-transport-4.1.45.Final.jar:/usr/local/kafka/bin/../libs/netty-transport-native-epoll-4.1.45.Final.jar:/usr/local/kafka/bin/../libs/netty-transport-native-unix-common-4.1.45.Final.jar:/usr/local/kafka/bin/../libs/osgi-resource-locator-1.0.1.jar:/usr/local/kafka/bin/../libs/paranamer-2.8.jar:/usr/local/kafka/bin/../libs/plexus-utils-3.2.1.jar:/usr/local/kafka/bin/../libs/reflections-0.9.12.jar:/usr/local/kafka/bin/../libs/rocksdbjni-5.18.3.jar:/usr/local/kafka/bin/../libs/scala-collection-compat_2.12-2.1.3.jar:/usr/local/kafka/bin/../libs/scala-java8-compat_2.12-0.9.0.jar:/usr/local/kafka/bin/../libs/scala-library-2.12.10.jar:/usr/local/kafka/bin/../libs/scala-logging_2.12-3.9.2.jar:/usr/local/kafka/bin/../libs/scala-reflect-2.12.10.jar:/usr/local/kafka/bin/../libs/slf4j-api-1.7.30.jar:/usr/local/kafka/bin/../libs/slf4j-log4j12-1.7.30.jar:/usr/local/kafka/bin/../libs/snappy-java-1.1.7.3.jar:/usr/local/kafka/bin/../libs/validation-api-2.0.1.Final.jar:/usr/local/kafka/bin/../libs/zookeeper-3.5.7.jar:/usr/local/kafka/bin/../libs/zookeeper-jute-3.5.7.jar:/usr/local/kafka/bin/../libs/zstd-jni-1.4.4-7.jar (org.apache.zookeeper.server.ZooKeeperServer)
[2022-03-10 00:35:06,178] INFO Server environment:java.library.path=/usr/java/packages/lib:/usr/lib64:/lib64:/lib:/usr/lib (org.apache.zookeeper.server.ZooKeeperServer)
[2022-03-10 00:35:06,178] INFO Server environment:java.io.tmpdir=/tmp (org.apache.zookeeper.server.ZooKeeperServer)
[2022-03-10 00:35:06,178] INFO Server environment:java.compiler=<NA> (org.apache.zookeeper.server.ZooKeeperServer)
[2022-03-10 00:35:06,178] INFO Server environment:os.name=Linux (org.apache.zookeeper.server.ZooKeeperServer)
[2022-03-10 00:35:06,178] INFO Server environment:os.arch=amd64 (org.apache.zookeeper.server.ZooKeeperServer)
[2022-03-10 00:35:06,178] INFO Server environment:os.version=5.4.0-94-generic (org.apache.zookeeper.server.ZooKeeperServer)
[2022-03-10 00:35:06,178] INFO Server environment:user.name=root (org.apache.zookeeper.server.ZooKeeperServer)
[2022-03-10 00:35:06,178] INFO Server environment:user.home=/root (org.apache.zookeeper.server.ZooKeeperServer)
[2022-03-10 00:35:06,178] INFO Server environment:user.dir=/home/theia (org.apache.zookeeper.server.ZooKeeperServer)
[2022-03-10 00:35:06,178] INFO Server environment:os.memory.free=497MB (org.apache.zookeeper.server.ZooKeeperServer)
[2022-03-10 00:35:06,178] INFO Server environment:os.memory.max=512MB (org.apache.zookeeper.server.ZooKeeperServer)
[2022-03-10 00:35:06,179] INFO Server environment:os.memory.total=512MB (org.apache.zookeeper.server.ZooKeeperServer)
[2022-03-10 00:35:06,180] INFO minSessionTimeout set to 6000 (org.apache.zookeeper.server.ZooKeeperServer)
[2022-03-10 00:35:06,180] INFO maxSessionTimeout set to 60000 (org.apache.zookeeper.server.ZooKeeperServer)
[2022-03-10 00:35:06,181] INFO Created server with tickTime 3000 minSessionTimeout 6000 maxSessionTimeout 60000 datadir /tmp/zookeeper/version-2 snapdir /tmp/zookeeper/version-2 (org.apache.zookeeper.server.ZooKeeperServer)
[2022-03-10 00:35:06,192] INFO Using org.apache.zookeeper.server.NIOServerCnxnFactory as server connection factory (org.apache.zookeeper.server.ServerCnxnFactory)
[2022-03-10 00:35:06,196] INFO Configuring NIO connection handler with 10s sessionless connection timeout, 1 selector thread(s), 4 worker threads, and 64 kB direct buffers. (org.apache.zookeeper.server.NIOServerCnxnFactory)
[2022-03-10 00:35:06,201] INFO binding to port 0.0.0.0/0.0.0.0:2181 (org.apache.zookeeper.server.NIOServerCnxnFactory)
[2022-03-10 00:35:06,218] INFO zookeeper.snapshotSizeFactor = 0.33 (org.apache.zookeeper.server.ZKDatabase)
[2022-03-10 00:35:06,223] INFO Snapshotting: 0x0 to /tmp/zookeeper/version-2/snapshot.0 (org.apache.zookeeper.server.persistence.FileTxnSnapLog)
[2022-03-10 00:35:06,226] INFO Snapshotting: 0x0 to /tmp/zookeeper/version-2/snapshot.0 (org.apache.zookeeper.server.persistence.FileTxnSnapLog)
[2022-03-10 00:35:06,246] INFO Using checkIntervalMs=60000 maxPerMinute=10000 (org.apache.zookeeper.server.ContainerManager)
[2022-03-10 00:35:06,746] INFO Creating new log file: log.1 (org.apache.zookeeper.server.persistence.FileTxnLog)
